train
epoch      loss       accuracy   edge_density    noise      model      elapsed    
10         1.58905    0.08750    0.2             0.03       GAT        0.755      

epoch      loss       accuracy   edge_density    noise      model      elapsed    
20         1.57358    0.09375    0.2             0.03       GAT        0.814      

epoch      loss       accuracy   edge_density    noise      model      elapsed    
30         1.54419    0.19062    0.2             0.03       GAT        0.750      

epoch      loss       accuracy   edge_density    noise      model      elapsed    
40         1.60116    0.08125    0.2             0.03       GAT        0.755      

epoch      loss       accuracy   edge_density    noise      model      elapsed    
50         1.55117    0.12500    0.2             0.03       GAT        0.758      

epoch      loss       accuracy   edge_density    noise      model      elapsed    
60         1.56816    0.11250    0.2             0.03       GAT        0.759      

epoch      loss       accuracy   edge_density    noise      model      elapsed    
70         1.53804    0.13437    0.2             0.03       GAT        0.756      

epoch      loss       accuracy   edge_density    noise      model      elapsed    
80         1.55465    0.11250    0.2             0.03       GAT        0.763      

epoch      loss       accuracy   edge_density    noise      model      elapsed    
90         1.48514    0.18750    0.2             0.03       GAT        0.743      

epoch      loss       accuracy   edge_density    noise      model      elapsed    
100        1.51056    0.16875    0.2             0.03       GAT        0.754      

epoch      loss       accuracy   edge_density    noise      model      elapsed    
110        1.55747    0.10000    0.2             0.03       GAT        0.740      

epoch      loss       accuracy   edge_density    noise      model      elapsed    
120        1.54764    0.14375    0.2             0.03       GAT        0.750      

epoch      loss       accuracy   edge_density    noise      model      elapsed    
130        1.54422    0.10625    0.2             0.03       GAT        0.756      

epoch      loss       accuracy   edge_density    noise      model      elapsed    
140        1.51717    0.13437    0.2             0.03       GAT        0.749      

epoch      loss       accuracy   edge_density    noise      model      elapsed    
150        1.55345    0.10312    0.2             0.03       GAT        0.740      

epoch      loss       accuracy   edge_density    noise      model      elapsed    
160        1.54634    0.15000    0.2             0.03       GAT        0.740      

epoch      loss       accuracy   edge_density    noise      model      elapsed    
170        1.52260    0.14687    0.2             0.03       GAT        0.749      

epoch      loss       accuracy   edge_density    noise      model      elapsed    
180        1.55853    0.10000    0.2             0.03       GAT        0.736      

epoch      loss       accuracy   edge_density    noise      model      elapsed    
190        1.48490    0.17813    0.2             0.03       GAT        0.745      

epoch      loss       accuracy   edge_density    noise      model      elapsed    
200        1.53356    0.13750    0.2             0.03       GAT        0.751      

epoch      loss       accuracy   edge_density    noise      model      elapsed    
210        1.48905    0.19687    0.2             0.03       GAT        0.750      

epoch      loss       accuracy   edge_density    noise      model      elapsed    
220        1.52913    0.13750    0.2             0.03       GAT        0.752      

epoch      loss       accuracy   edge_density    noise      model      elapsed    
230        1.56223    0.10625    0.2             0.03       GAT        0.742      

epoch      loss       accuracy   edge_density    noise      model      elapsed    
240        1.51451    0.14375    0.2             0.03       GAT        0.749      

epoch      loss       accuracy   edge_density    noise      model      elapsed    
250        1.56050    0.11250    0.2             0.03       GAT        0.755      

epoch      loss       accuracy   edge_density    noise      model      elapsed    
260        1.53780    0.12500    0.2             0.03       GAT        0.738      

epoch      loss       accuracy   edge_density    noise      model      elapsed    
270        1.50701    0.18125    0.2             0.03       GAT        0.750      

epoch      loss       accuracy   edge_density    noise      model      elapsed    
280        1.45673    0.24063    0.2             0.03       GAT        0.765      

epoch      loss       accuracy   edge_density    noise      model      elapsed    
290        1.47619    0.18125    0.2             0.03       GAT        0.753      

epoch      loss       accuracy   edge_density    noise      model      elapsed    
300        1.48737    0.17500    0.2             0.03       GAT        0.746      

epoch      loss       accuracy   edge_density    noise      model      elapsed    
310        1.58470    0.10625    0.2             0.03       GAT        0.738      

epoch      loss       accuracy   edge_density    noise      model      elapsed    
320        1.47810    0.19375    0.2             0.03       GAT        0.794      

epoch      loss       accuracy   edge_density    noise      model      elapsed    
330        1.56866    0.12187    0.2             0.03       GAT        0.756      

epoch      loss       accuracy   edge_density    noise      model      elapsed    
340        1.45236    0.20312    0.2             0.03       GAT        0.758      

epoch      loss       accuracy   edge_density    noise      model      elapsed    
350        1.52848    0.12500    0.2             0.03       GAT        0.742      

epoch      loss       accuracy   edge_density    noise      model      elapsed    
360        1.58706    0.12812    0.2             0.03       GAT        0.757      

epoch      loss       accuracy   edge_density    noise      model      elapsed    
370        1.54297    0.14687    0.2             0.03       GAT        0.746      

epoch      loss       accuracy   edge_density    noise      model      elapsed    
380        1.56711    0.10000    0.2             0.03       GAT        0.743      

epoch      loss       accuracy   edge_density    noise      model      elapsed    
390        1.54514    0.12187    0.2             0.03       GAT        0.741      

epoch      loss       accuracy   edge_density    noise      model      elapsed    
400        1.51198    0.15625    0.2             0.03       GAT        0.743      

epoch      loss       accuracy   edge_density    noise      model      elapsed    
410        1.50848    0.14687    0.2             0.03       GAT        0.746      

epoch      loss       accuracy   edge_density    noise      model      elapsed    
420        1.49351    0.17188    0.2             0.03       GAT        0.759      

epoch      loss       accuracy   edge_density    noise      model      elapsed    
430        1.49441    0.16875    0.2             0.03       GAT        0.747      

epoch      loss       accuracy   edge_density    noise      model      elapsed    
440        1.51005    0.15312    0.2             0.03       GAT        0.736      

epoch      loss       accuracy   edge_density    noise      model      elapsed    
450        1.55556    0.13125    0.2             0.03       GAT        0.753      

epoch      loss       accuracy   edge_density    noise      model      elapsed    
460        1.54844    0.10000    0.2             0.03       GAT        0.738      

epoch      loss       accuracy   edge_density    noise      model      elapsed    
470        1.46266    0.21562    0.2             0.03       GAT        0.731      

epoch      loss       accuracy   edge_density    noise      model      elapsed    
480        1.51721    0.16250    0.2             0.03       GAT        0.755      

epoch      loss       accuracy   edge_density    noise      model      elapsed    
490        1.58604    0.10312    0.2             0.03       GAT        0.755      

epoch      loss       accuracy   edge_density    noise      model      elapsed    
500        1.51074    0.19687    0.2             0.03       GAT        0.739      

epoch      loss       accuracy   edge_density    noise      model      elapsed    
510        1.50653    0.19062    0.2             0.03       GAT        0.755      

epoch      loss       accuracy   edge_density    noise      model      elapsed    
520        1.61379    0.08125    0.2             0.03       GAT        0.764      

epoch      loss       accuracy   edge_density    noise      model      elapsed    
530        1.46654    0.17500    0.2             0.03       GAT        0.741      

epoch      loss       accuracy   edge_density    noise      model      elapsed    
540        1.60405    0.08125    0.2             0.03       GAT        0.753      

epoch      loss       accuracy   edge_density    noise      model      elapsed    
550        1.45992    0.20312    0.2             0.03       GAT        0.738      

epoch      loss       accuracy   edge_density    noise      model      elapsed    
560        1.54014    0.12500    0.2             0.03       GAT        0.753      

epoch      loss       accuracy   edge_density    noise      model      elapsed    
570        1.53611    0.15000    0.2             0.03       GAT        0.756      

epoch      loss       accuracy   edge_density    noise      model      elapsed    
580        1.55063    0.12187    0.2             0.03       GAT        0.754      

epoch      loss       accuracy   edge_density    noise      model      elapsed    
590        1.46386    0.21562    0.2             0.03       GAT        0.751      

epoch      loss       accuracy   edge_density    noise      model      elapsed    
600        1.51195    0.15312    0.2             0.03       GAT        0.747      

epoch      loss       accuracy   edge_density    noise      model      elapsed    
610        1.54770    0.12187    0.2             0.03       GAT        0.740      

epoch      loss       accuracy   edge_density    noise      model      elapsed    
620        1.45569    0.25000    0.2             0.03       GAT        0.754      

epoch      loss       accuracy   edge_density    noise      model      elapsed    
630        1.53599    0.14062    0.2             0.03       GAT        0.752      

epoch      loss       accuracy   edge_density    noise      model      elapsed    
640        1.54064    0.14375    0.2             0.03       GAT        0.757      

epoch      loss       accuracy   edge_density    noise      model      elapsed    
650        1.58399    0.09063    0.2             0.03       GAT        0.748      

epoch      loss       accuracy   edge_density    noise      model      elapsed    
660        1.48004    0.19062    0.2             0.03       GAT        0.748      

epoch      loss       accuracy   edge_density    noise      model      elapsed    
670        1.58363    0.12187    0.2             0.03       GAT        0.734      

epoch      loss       accuracy   edge_density    noise      model      elapsed    
680        1.54284    0.17188    0.2             0.03       GAT        0.731      

epoch      loss       accuracy   edge_density    noise      model      elapsed    
690        1.50907    0.16250    0.2             0.03       GAT        0.762      

epoch      loss       accuracy   edge_density    noise      model      elapsed    
700        1.48867    0.19687    0.2             0.03       GAT        0.742      

epoch      loss       accuracy   edge_density    noise      model      elapsed    
710        1.49694    0.16875    0.2             0.03       GAT        0.759      

epoch      loss       accuracy   edge_density    noise      model      elapsed    
720        1.56493    0.14687    0.2             0.03       GAT        0.738      

epoch      loss       accuracy   edge_density    noise      model      elapsed    
730        1.50272    0.17813    0.2             0.03       GAT        0.739      

epoch      loss       accuracy   edge_density    noise      model      elapsed    
740        1.47650    0.20000    0.2             0.03       GAT        0.753      

epoch      loss       accuracy   edge_density    noise      model      elapsed    
750        1.49653    0.16875    0.2             0.03       GAT        0.744      

epoch      loss       accuracy   edge_density    noise      model      elapsed    
760        1.54867    0.15000    0.2             0.03       GAT        0.753      

epoch      loss       accuracy   edge_density    noise      model      elapsed    
770        1.47384    0.17813    0.2             0.03       GAT        0.739      

epoch      loss       accuracy   edge_density    noise      model      elapsed    
780        1.46685    0.21250    0.2             0.03       GAT        0.757      

epoch      loss       accuracy   edge_density    noise      model      elapsed    
790        1.50614    0.14687    0.2             0.03       GAT        0.803      

epoch      loss       accuracy   edge_density    noise      model      elapsed    
800        1.58232    0.14375    0.2             0.03       GAT        0.740      

epoch      loss       accuracy   edge_density    noise      model      elapsed    
810        1.57932    0.11250    0.2             0.03       GAT        0.741      

epoch      loss       accuracy   edge_density    noise      model      elapsed    
820        1.55684    0.15625    0.2             0.03       GAT        0.742      

epoch      loss       accuracy   edge_density    noise      model      elapsed    
830        1.56165    0.11875    0.2             0.03       GAT        0.742      

epoch      loss       accuracy   edge_density    noise      model      elapsed    
840        1.51772    0.15000    0.2             0.03       GAT        0.745      

epoch      loss       accuracy   edge_density    noise      model      elapsed    
850        1.56603    0.11250    0.2             0.03       GAT        0.745      

epoch      loss       accuracy   edge_density    noise      model      elapsed    
860        1.58163    0.10625    0.2             0.03       GAT        0.738      

epoch      loss       accuracy   edge_density    noise      model      elapsed    
870        1.52089    0.15312    0.2             0.03       GAT        0.754      

epoch      loss       accuracy   edge_density    noise      model      elapsed    
880        1.54370    0.14687    0.2             0.03       GAT        0.757      

epoch      loss       accuracy   edge_density    noise      model      elapsed    
890        1.46168    0.17813    0.2             0.03       GAT        0.746      

epoch      loss       accuracy   edge_density    noise      model      elapsed    
900        1.53273    0.15312    0.2             0.03       GAT        0.737      

epoch      loss       accuracy   edge_density    noise      model      elapsed    
910        1.45196    0.21250    0.2             0.03       GAT        0.750      

epoch      loss       accuracy   edge_density    noise      model      elapsed    
920        1.49401    0.17500    0.2             0.03       GAT        0.740      

epoch      loss       accuracy   edge_density    noise      model      elapsed    
930        1.52388    0.14687    0.2             0.03       GAT        0.814      

epoch      loss       accuracy   edge_density    noise      model      elapsed    
940        1.50064    0.19062    0.2             0.03       GAT        0.749      

epoch      loss       accuracy   edge_density    noise      model      elapsed    
950        1.57062    0.11250    0.2             0.03       GAT        0.758      

epoch      loss       accuracy   edge_density    noise      model      elapsed    
960        1.57114    0.12187    0.2             0.03       GAT        0.759      

epoch      loss       accuracy   edge_density    noise      model      elapsed    
970        1.57950    0.11875    0.2             0.03       GAT        0.755      

epoch      loss       accuracy   edge_density    noise      model      elapsed    
980        1.45754    0.21875    0.2             0.03       GAT        0.810      

epoch      loss       accuracy   edge_density    noise      model      elapsed    
990        1.42763    0.23750    0.2             0.03       GAT        0.758      

epoch      loss       accuracy   edge_density    noise      model      elapsed    
1000       1.50770    0.19375    0.2             0.03       GAT        0.746      

epoch      loss       accuracy   edge_density    noise      model      elapsed    
1010       1.48452    0.18437    0.2             0.03       GAT        0.747      

epoch      loss       accuracy   edge_density    noise      model      elapsed    
1020       1.52790    0.14062    0.2             0.03       GAT        0.747      

epoch      loss       accuracy   edge_density    noise      model      elapsed    
1030       1.44200    0.23750    0.2             0.03       GAT        0.755      

epoch      loss       accuracy   edge_density    noise      model      elapsed    
1040       1.49975    0.16875    0.2             0.03       GAT        0.749      

epoch      loss       accuracy   edge_density    noise      model      elapsed    
1050       1.56015    0.08750    0.2             0.03       GAT        0.755      

epoch      loss       accuracy   edge_density    noise      model      elapsed    
1060       1.43885    0.25312    0.2             0.03       GAT        0.754      

epoch      loss       accuracy   edge_density    noise      model      elapsed    
1070       1.45340    0.19375    0.2             0.03       GAT        0.742      

epoch      loss       accuracy   edge_density    noise      model      elapsed    
1080       1.48470    0.22187    0.2             0.03       GAT        0.740      

epoch      loss       accuracy   edge_density    noise      model      elapsed    
1090       1.48614    0.17813    0.2             0.03       GAT        0.750      

epoch      loss       accuracy   edge_density    noise      model      elapsed    
1100       1.53752    0.15937    0.2             0.03       GAT        0.742      

epoch      loss       accuracy   edge_density    noise      model      elapsed    
1110       1.56189    0.14375    0.2             0.03       GAT        0.737      

epoch      loss       accuracy   edge_density    noise      model      elapsed    
1120       1.64740    0.05937    0.2             0.03       GAT        0.733      

epoch      loss       accuracy   edge_density    noise      model      elapsed    
1130       1.59780    0.08125    0.2             0.03       GAT        0.747      

epoch      loss       accuracy   edge_density    noise      model      elapsed    
1140       1.47151    0.17813    0.2             0.03       GAT        0.735      

epoch      loss       accuracy   edge_density    noise      model      elapsed    
1150       1.54184    0.14375    0.2             0.03       GAT        0.749      

epoch      loss       accuracy   edge_density    noise      model      elapsed    
1160       1.56142    0.11562    0.2             0.03       GAT        0.748      

epoch      loss       accuracy   edge_density    noise      model      elapsed    
1170       1.61695    0.08125    0.2             0.03       GAT        0.742      

epoch      loss       accuracy   edge_density    noise      model      elapsed    
1180       1.50675    0.15000    0.2             0.03       GAT        0.734      

epoch      loss       accuracy   edge_density    noise      model      elapsed    
1190       1.57331    0.09375    0.2             0.03       GAT        0.741      

epoch      loss       accuracy   edge_density    noise      model      elapsed    
1200       1.52103    0.17188    0.2             0.03       GAT        0.742      

epoch      loss       accuracy   edge_density    noise      model      elapsed    
1210       1.34657    0.33437    0.2             0.03       GAT        0.748      

epoch      loss       accuracy   edge_density    noise      model      elapsed    
1220       1.47971    0.20000    0.2             0.03       GAT        0.754      

epoch      loss       accuracy   edge_density    noise      model      elapsed    
1230       1.61647    0.06562    0.2             0.03       GAT        0.761      

epoch      loss       accuracy   edge_density    noise      model      elapsed    
1240       1.51572    0.15000    0.2             0.03       GAT        0.759      

epoch      loss       accuracy   edge_density    noise      model      elapsed    
1250       1.48232    0.19375    0.2             0.03       GAT        0.738      

epoch      loss       accuracy   edge_density    noise      model      elapsed    
1260       1.47801    0.20000    0.2             0.03       GAT        0.751      

epoch      loss       accuracy   edge_density    noise      model      elapsed    
1270       1.55088    0.10312    0.2             0.03       GAT        0.756      

epoch      loss       accuracy   edge_density    noise      model      elapsed    
1280       1.49817    0.20937    0.2             0.03       GAT        0.749      

epoch      loss       accuracy   edge_density    noise      model      elapsed    
1290       1.49533    0.22812    0.2             0.03       GAT        0.738      

epoch      loss       accuracy   edge_density    noise      model      elapsed    
1300       1.59259    0.11875    0.2             0.03       GAT        0.755      

epoch      loss       accuracy   edge_density    noise      model      elapsed    
1310       1.57680    0.10937    0.2             0.03       GAT        0.750      

epoch      loss       accuracy   edge_density    noise      model      elapsed    
1320       1.55336    0.13437    0.2             0.03       GAT        0.753      

epoch      loss       accuracy   edge_density    noise      model      elapsed    
1330       1.39711    0.27187    0.2             0.03       GAT        0.749      

epoch      loss       accuracy   edge_density    noise      model      elapsed    
1340       1.59314    0.08125    0.2             0.03       GAT        0.760      

epoch      loss       accuracy   edge_density    noise      model      elapsed    
1350       1.47965    0.20000    0.2             0.03       GAT        0.757      

epoch      loss       accuracy   edge_density    noise      model      elapsed    
1360       1.55424    0.14062    0.2             0.03       GAT        0.748      

epoch      loss       accuracy   edge_density    noise      model      elapsed    
1370       1.53158    0.14062    0.2             0.03       GAT        0.751      

epoch      loss       accuracy   edge_density    noise      model      elapsed    
1380       1.53282    0.16250    0.2             0.03       GAT        0.740      

epoch      loss       accuracy   edge_density    noise      model      elapsed    
1390       1.51244    0.14375    0.2             0.03       GAT        0.782      

epoch      loss       accuracy   edge_density    noise      model      elapsed    
1400       1.44467    0.23438    0.2             0.03       GAT        0.739      

epoch      loss       accuracy   edge_density    noise      model      elapsed    
1410       1.45963    0.21562    0.2             0.03       GAT        0.742      

epoch      loss       accuracy   edge_density    noise      model      elapsed    
1420       1.43171    0.27812    0.2             0.03       GAT        0.738      

epoch      loss       accuracy   edge_density    noise      model      elapsed    
1430       1.49770    0.17188    0.2             0.03       GAT        0.739      

epoch      loss       accuracy   edge_density    noise      model      elapsed    
1440       1.57096    0.12187    0.2             0.03       GAT        0.755      

epoch      loss       accuracy   edge_density    noise      model      elapsed    
1450       1.38857    0.25000    0.2             0.03       GAT        0.755      

epoch      loss       accuracy   edge_density    noise      model      elapsed    
1460       1.56249    0.11875    0.2             0.03       GAT        0.759      

epoch      loss       accuracy   edge_density    noise      model      elapsed    
1470       1.52914    0.13125    0.2             0.03       GAT        0.743      

epoch      loss       accuracy   edge_density    noise      model      elapsed    
1480       1.46817    0.20937    0.2             0.03       GAT        0.740      

epoch      loss       accuracy   edge_density    noise      model      elapsed    
1490       1.43063    0.27812    0.2             0.03       GAT        0.749      

epoch      loss       accuracy   edge_density    noise      model      elapsed    
1500       1.44348    0.20937    0.2             0.03       GAT        0.759      

epoch      loss       accuracy   edge_density    noise      model      elapsed    
1510       1.57741    0.08750    0.2             0.03       GAT        0.749      

epoch      loss       accuracy   edge_density    noise      model      elapsed    
1520       1.63194    0.04687    0.2             0.03       GAT        0.733      

epoch      loss       accuracy   edge_density    noise      model      elapsed    
1530       1.42184    0.26875    0.2             0.03       GAT        0.739      

epoch      loss       accuracy   edge_density    noise      model      elapsed    
1540       1.46364    0.20625    0.2             0.03       GAT        0.746      

epoch      loss       accuracy   edge_density    noise      model      elapsed    
1550       1.57983    0.09063    0.2             0.03       GAT        0.761      

epoch      loss       accuracy   edge_density    noise      model      elapsed    
1560       1.45507    0.19062    0.2             0.03       GAT        0.751      

epoch      loss       accuracy   edge_density    noise      model      elapsed    
1570       1.49745    0.17813    0.2             0.03       GAT        0.755      

epoch      loss       accuracy   edge_density    noise      model      elapsed    
1580       1.46123    0.24063    0.2             0.03       GAT        0.738      

epoch      loss       accuracy   edge_density    noise      model      elapsed    
1590       1.46000    0.22812    0.2             0.03       GAT        0.756      

epoch      loss       accuracy   edge_density    noise      model      elapsed    
1600       1.50389    0.17500    0.2             0.03       GAT        0.758      

epoch      loss       accuracy   edge_density    noise      model      elapsed    
1610       1.49145    0.17188    0.2             0.03       GAT        0.748      

epoch      loss       accuracy   edge_density    noise      model      elapsed    
1620       1.44798    0.23438    0.2             0.03       GAT        0.754      

epoch      loss       accuracy   edge_density    noise      model      elapsed    
1630       1.43911    0.28750    0.2             0.03       GAT        0.734      

epoch      loss       accuracy   edge_density    noise      model      elapsed    
1640       1.49300    0.19375    0.2             0.03       GAT        0.746      

epoch      loss       accuracy   edge_density    noise      model      elapsed    
1650       1.54578    0.16562    0.2             0.03       GAT        0.761      

epoch      loss       accuracy   edge_density    noise      model      elapsed    
1660       1.48457    0.20625    0.2             0.03       GAT        0.757      

epoch      loss       accuracy   edge_density    noise      model      elapsed    
1670       1.43326    0.23750    0.2             0.03       GAT        0.742      

epoch      loss       accuracy   edge_density    noise      model      elapsed    
1680       1.55426    0.09688    0.2             0.03       GAT        0.754      

epoch      loss       accuracy   edge_density    noise      model      elapsed    
1690       1.49542    0.21875    0.2             0.03       GAT        0.736      

epoch      loss       accuracy   edge_density    noise      model      elapsed    
1700       1.49176    0.18437    0.2             0.03       GAT        0.748      

epoch      loss       accuracy   edge_density    noise      model      elapsed    
1710       1.48827    0.17500    0.2             0.03       GAT        0.747      

epoch      loss       accuracy   edge_density    noise      model      elapsed    
1720       1.48287    0.17500    0.2             0.03       GAT        0.754      

epoch      loss       accuracy   edge_density    noise      model      elapsed    
1730       1.58556    0.07500    0.2             0.03       GAT        0.756      

epoch      loss       accuracy   edge_density    noise      model      elapsed    
1740       1.61756    0.08750    0.2             0.03       GAT        0.759      

epoch      loss       accuracy   edge_density    noise      model      elapsed    
1750       1.56223    0.16562    0.2             0.03       GAT        0.748      

epoch      loss       accuracy   edge_density    noise      model      elapsed    
1760       1.53603    0.18750    0.2             0.03       GAT        0.736      

epoch      loss       accuracy   edge_density    noise      model      elapsed    
1770       1.48721    0.20000    0.2             0.03       GAT        0.731      

epoch      loss       accuracy   edge_density    noise      model      elapsed    
1780       1.57704    0.12500    0.2             0.03       GAT        0.743      

epoch      loss       accuracy   edge_density    noise      model      elapsed    
1790       1.49738    0.21250    0.2             0.03       GAT        0.747      

epoch      loss       accuracy   edge_density    noise      model      elapsed    
1800       1.49382    0.15937    0.2             0.03       GAT        0.738      

epoch      loss       accuracy   edge_density    noise      model      elapsed    
1810       1.58633    0.12187    0.2             0.03       GAT        0.756      

epoch      loss       accuracy   edge_density    noise      model      elapsed    
1820       1.49311    0.16250    0.2             0.03       GAT        0.752      

epoch      loss       accuracy   edge_density    noise      model      elapsed    
1830       1.49956    0.17500    0.2             0.03       GAT        0.761      

epoch      loss       accuracy   edge_density    noise      model      elapsed    
1840       1.50133    0.18437    0.2             0.03       GAT        0.737      

epoch      loss       accuracy   edge_density    noise      model      elapsed    
1850       1.45257    0.21875    0.2             0.03       GAT        0.729      

epoch      loss       accuracy   edge_density    noise      model      elapsed    
1860       1.49791    0.16250    0.2             0.03       GAT        0.734      

epoch      loss       accuracy   edge_density    noise      model      elapsed    
1870       1.49888    0.15937    0.2             0.03       GAT        0.741      

epoch      loss       accuracy   edge_density    noise      model      elapsed    
1880       1.54256    0.13437    0.2             0.03       GAT        0.742      

epoch      loss       accuracy   edge_density    noise      model      elapsed    
1890       1.49331    0.19375    0.2             0.03       GAT        0.760      

epoch      loss       accuracy   edge_density    noise      model      elapsed    
1900       1.43304    0.24063    0.2             0.03       GAT        0.749      

epoch      loss       accuracy   edge_density    noise      model      elapsed    
1910       1.56114    0.13750    0.2             0.03       GAT        0.756      

epoch      loss       accuracy   edge_density    noise      model      elapsed    
1920       1.50094    0.14062    0.2             0.03       GAT        0.755      

epoch      loss       accuracy   edge_density    noise      model      elapsed    
1930       1.49023    0.20312    0.2             0.03       GAT        0.750      

epoch      loss       accuracy   edge_density    noise      model      elapsed    
1940       1.45983    0.21562    0.2             0.03       GAT        0.759      

epoch      loss       accuracy   edge_density    noise      model      elapsed    
1950       1.60795    0.07187    0.2             0.03       GAT        0.748      

epoch      loss       accuracy   edge_density    noise      model      elapsed    
1960       1.50840    0.15625    0.2             0.03       GAT        0.758      

epoch      loss       accuracy   edge_density    noise      model      elapsed    
1970       1.44646    0.20937    0.2             0.03       GAT        0.744      

epoch      loss       accuracy   edge_density    noise      model      elapsed    
1980       1.57031    0.14062    0.2             0.03       GAT        0.746      

epoch      loss       accuracy   edge_density    noise      model      elapsed    
1990       1.48019    0.20000    0.2             0.03       GAT        0.749      

epoch      loss       accuracy   edge_density    noise      model      elapsed    
2000       1.56533    0.12187    0.2             0.03       GAT        0.749      

epoch      loss       accuracy   edge_density    noise      model      elapsed    
2010       1.50329    0.15000    0.2             0.03       GAT        0.744      

epoch      loss       accuracy   edge_density    noise      model      elapsed    
2020       1.61528    0.08438    0.2             0.03       GAT        0.759      

epoch      loss       accuracy   edge_density    noise      model      elapsed    
2030       1.47645    0.19062    0.2             0.03       GAT        0.749      

epoch      loss       accuracy   edge_density    noise      model      elapsed    
2040       1.44307    0.23125    0.2             0.03       GAT        0.750      

epoch      loss       accuracy   edge_density    noise      model      elapsed    
2050       1.43482    0.27187    0.2             0.03       GAT        0.741      

epoch      loss       accuracy   edge_density    noise      model      elapsed    
2060       1.57911    0.12812    0.2             0.03       GAT        0.748      

epoch      loss       accuracy   edge_density    noise      model      elapsed    
2070       1.54664    0.14062    0.2             0.03       GAT        0.760      

epoch      loss       accuracy   edge_density    noise      model      elapsed    
2080       1.54818    0.16562    0.2             0.03       GAT        0.747      

epoch      loss       accuracy   edge_density    noise      model      elapsed    
2090       1.44550    0.20625    0.2             0.03       GAT        0.764      

epoch      loss       accuracy   edge_density    noise      model      elapsed    
2100       1.44344    0.22500    0.2             0.03       GAT        0.752      

epoch      loss       accuracy   edge_density    noise      model      elapsed    
2110       1.44434    0.25937    0.2             0.03       GAT        0.809      

epoch      loss       accuracy   edge_density    noise      model      elapsed    
2120       1.50157    0.15000    0.2             0.03       GAT        0.741      

epoch      loss       accuracy   edge_density    noise      model      elapsed    
2130       1.48489    0.16562    0.2             0.03       GAT        0.752      

epoch      loss       accuracy   edge_density    noise      model      elapsed    
2140       1.46911    0.20937    0.2             0.03       GAT        0.760      

epoch      loss       accuracy   edge_density    noise      model      elapsed    
2150       1.56500    0.14375    0.2             0.03       GAT        0.760      

epoch      loss       accuracy   edge_density    noise      model      elapsed    
2160       1.45417    0.21562    0.2             0.03       GAT        0.758      

epoch      loss       accuracy   edge_density    noise      model      elapsed    
2170       1.59897    0.12812    0.2             0.03       GAT        0.745      

epoch      loss       accuracy   edge_density    noise      model      elapsed    
2180       1.50437    0.19687    0.2             0.03       GAT        0.754      

epoch      loss       accuracy   edge_density    noise      model      elapsed    
2190       1.57251    0.11250    0.2             0.03       GAT        0.754      

epoch      loss       accuracy   edge_density    noise      model      elapsed    
2200       1.47267    0.20625    0.2             0.03       GAT        0.766      

epoch      loss       accuracy   edge_density    noise      model      elapsed    
2210       1.53620    0.12187    0.2             0.03       GAT        0.740      

epoch      loss       accuracy   edge_density    noise      model      elapsed    
2220       1.54752    0.14375    0.2             0.03       GAT        0.752      

epoch      loss       accuracy   edge_density    noise      model      elapsed    
2230       1.53686    0.14375    0.2             0.03       GAT        0.738      

epoch      loss       accuracy   edge_density    noise      model      elapsed    
2240       1.50826    0.13125    0.2             0.03       GAT        0.747      

epoch      loss       accuracy   edge_density    noise      model      elapsed    
2250       1.46239    0.20625    0.2             0.03       GAT        0.760      

epoch      loss       accuracy   edge_density    noise      model      elapsed    
2260       1.51168    0.12812    0.2             0.03       GAT        0.746      

epoch      loss       accuracy   edge_density    noise      model      elapsed    
2270       1.54440    0.13437    0.2             0.03       GAT        0.756      

epoch      loss       accuracy   edge_density    noise      model      elapsed    
2280       1.43931    0.24063    0.2             0.03       GAT        0.751      

epoch      loss       accuracy   edge_density    noise      model      elapsed    
2290       1.54173    0.15000    0.2             0.03       GAT        0.750      

epoch      loss       accuracy   edge_density    noise      model      elapsed    
2300       1.46567    0.21250    0.2             0.03       GAT        0.756      

epoch      loss       accuracy   edge_density    noise      model      elapsed    
2310       1.48871    0.20000    0.2             0.03       GAT        0.749      

epoch      loss       accuracy   edge_density    noise      model      elapsed    
2320       1.54927    0.12500    0.2             0.03       GAT        0.745      

epoch      loss       accuracy   edge_density    noise      model      elapsed    
2330       1.55485    0.12187    0.2             0.03       GAT        0.752      

epoch      loss       accuracy   edge_density    noise      model      elapsed    
2340       1.58966    0.09688    0.2             0.03       GAT        0.754      

epoch      loss       accuracy   edge_density    noise      model      elapsed    
2350       1.61004    0.08125    0.2             0.03       GAT        0.752      

epoch      loss       accuracy   edge_density    noise      model      elapsed    
2360       1.46561    0.19375    0.2             0.03       GAT        0.752      

epoch      loss       accuracy   edge_density    noise      model      elapsed    
2370       1.60203    0.09688    0.2             0.03       GAT        0.751      

epoch      loss       accuracy   edge_density    noise      model      elapsed    
2380       1.47811    0.19687    0.2             0.03       GAT        0.760      

epoch      loss       accuracy   edge_density    noise      model      elapsed    
2390       1.45404    0.22187    0.2             0.03       GAT        0.818      

epoch      loss       accuracy   edge_density    noise      model      elapsed    
2400       1.59062    0.10625    0.2             0.03       GAT        0.752      

epoch      loss       accuracy   edge_density    noise      model      elapsed    
2410       1.44596    0.25937    0.2             0.03       GAT        0.756      

epoch      loss       accuracy   edge_density    noise      model      elapsed    
2420       1.48030    0.16562    0.2             0.03       GAT        0.758      

epoch      loss       accuracy   edge_density    noise      model      elapsed    
2430       1.43826    0.21562    0.2             0.03       GAT        0.743      

epoch      loss       accuracy   edge_density    noise      model      elapsed    
2440       1.52312    0.13750    0.2             0.03       GAT        0.741      

epoch      loss       accuracy   edge_density    noise      model      elapsed    
2450       1.56496    0.09375    0.2             0.03       GAT        0.754      

epoch      loss       accuracy   edge_density    noise      model      elapsed    
2460       1.53054    0.15937    0.2             0.03       GAT        0.732      

epoch      loss       accuracy   edge_density    noise      model      elapsed    
2470       1.52679    0.13125    0.2             0.03       GAT        0.759      

epoch      loss       accuracy   edge_density    noise      model      elapsed    
2480       1.40751    0.23438    0.2             0.03       GAT        0.735      

epoch      loss       accuracy   edge_density    noise      model      elapsed    
2490       1.50167    0.19375    0.2             0.03       GAT        0.753      

epoch      loss       accuracy   edge_density    noise      model      elapsed    
2500       1.52937    0.16875    0.2             0.03       GAT        0.804      

epoch      loss       accuracy   edge_density    noise      model      elapsed    
2510       1.58101    0.09688    0.2             0.03       GAT        0.744      

epoch      loss       accuracy   edge_density    noise      model      elapsed    
2520       1.57914    0.12812    0.2             0.03       GAT        0.742      

epoch      loss       accuracy   edge_density    noise      model      elapsed    
2530       1.49020    0.17813    0.2             0.03       GAT        0.751      

epoch      loss       accuracy   edge_density    noise      model      elapsed    
2540       1.51333    0.14375    0.2             0.03       GAT        0.748      

epoch      loss       accuracy   edge_density    noise      model      elapsed    
2550       1.59504    0.10625    0.2             0.03       GAT        0.748      

epoch      loss       accuracy   edge_density    noise      model      elapsed    
2560       1.58827    0.11875    0.2             0.03       GAT        0.741      

epoch      loss       accuracy   edge_density    noise      model      elapsed    
2570       1.49568    0.19062    0.2             0.03       GAT        0.746      

epoch      loss       accuracy   edge_density    noise      model      elapsed    
2580       1.48928    0.20937    0.2             0.03       GAT        0.756      

epoch      loss       accuracy   edge_density    noise      model      elapsed    
2590       1.52111    0.18750    0.2             0.03       GAT        0.750      

epoch      loss       accuracy   edge_density    noise      model      elapsed    
2600       1.52030    0.17500    0.2             0.03       GAT        0.751      

epoch      loss       accuracy   edge_density    noise      model      elapsed    
2610       1.52975    0.16250    0.2             0.03       GAT        0.737      

epoch      loss       accuracy   edge_density    noise      model      elapsed    
2620       1.45593    0.23438    0.2             0.03       GAT        0.730      

epoch      loss       accuracy   edge_density    noise      model      elapsed    
2630       1.48169    0.19375    0.2             0.03       GAT        0.749      

epoch      loss       accuracy   edge_density    noise      model      elapsed    
2640       1.44678    0.22500    0.2             0.03       GAT        0.751      

epoch      loss       accuracy   edge_density    noise      model      elapsed    
2650       1.54770    0.13125    0.2             0.03       GAT        0.745      

epoch      loss       accuracy   edge_density    noise      model      elapsed    
2660       1.45682    0.21250    0.2             0.03       GAT        0.741      

epoch      loss       accuracy   edge_density    noise      model      elapsed    
2670       1.48414    0.17813    0.2             0.03       GAT        0.748      

epoch      loss       accuracy   edge_density    noise      model      elapsed    
2680       1.56721    0.12812    0.2             0.03       GAT        0.754      

epoch      loss       accuracy   edge_density    noise      model      elapsed    
2690       1.47909    0.17188    0.2             0.03       GAT        0.754      

epoch      loss       accuracy   edge_density    noise      model      elapsed    
2700       1.58211    0.09688    0.2             0.03       GAT        0.747      

epoch      loss       accuracy   edge_density    noise      model      elapsed    
2710       1.49174    0.14375    0.2             0.03       GAT        0.760      

epoch      loss       accuracy   edge_density    noise      model      elapsed    
2720       1.49263    0.16875    0.2             0.03       GAT        0.747      

epoch      loss       accuracy   edge_density    noise      model      elapsed    
2730       1.47162    0.20625    0.2             0.03       GAT        0.735      

epoch      loss       accuracy   edge_density    noise      model      elapsed    
2740       1.46740    0.22187    0.2             0.03       GAT        0.747      

epoch      loss       accuracy   edge_density    noise      model      elapsed    
2750       1.57394    0.12500    0.2             0.03       GAT        0.745      

epoch      loss       accuracy   edge_density    noise      model      elapsed    
2760       1.57888    0.12500    0.2             0.03       GAT        0.741      

epoch      loss       accuracy   edge_density    noise      model      elapsed    
2770       1.55581    0.14062    0.2             0.03       GAT        0.749      

epoch      loss       accuracy   edge_density    noise      model      elapsed    
2780       1.51653    0.16875    0.2             0.03       GAT        0.742      

epoch      loss       accuracy   edge_density    noise      model      elapsed    
2790       1.58861    0.09063    0.2             0.03       GAT        0.760      

epoch      loss       accuracy   edge_density    noise      model      elapsed    
2800       1.43693    0.23750    0.2             0.03       GAT        0.756      

epoch      loss       accuracy   edge_density    noise      model      elapsed    
2810       1.48659    0.17813    0.2             0.03       GAT        0.740      

epoch      loss       accuracy   edge_density    noise      model      elapsed    
2820       1.49395    0.20000    0.2             0.03       GAT        0.826      

epoch      loss       accuracy   edge_density    noise      model      elapsed    
2830       1.47030    0.20937    0.2             0.03       GAT        0.743      

epoch      loss       accuracy   edge_density    noise      model      elapsed    
2840       1.47167    0.23125    0.2             0.03       GAT        0.754      

epoch      loss       accuracy   edge_density    noise      model      elapsed    
2850       1.45949    0.22187    0.2             0.03       GAT        0.740      

epoch      loss       accuracy   edge_density    noise      model      elapsed    
2860       1.55195    0.14062    0.2             0.03       GAT        0.740      

epoch      loss       accuracy   edge_density    noise      model      elapsed    
2870       1.40887    0.26875    0.2             0.03       GAT        0.753      

epoch      loss       accuracy   edge_density    noise      model      elapsed    
2880       1.45386    0.18750    0.2             0.03       GAT        0.754      

epoch      loss       accuracy   edge_density    noise      model      elapsed    
2890       1.59657    0.10000    0.2             0.03       GAT        0.761      

epoch      loss       accuracy   edge_density    noise      model      elapsed    
2900       1.48456    0.17188    0.2             0.03       GAT        0.740      

epoch      loss       accuracy   edge_density    noise      model      elapsed    
2910       1.54696    0.17500    0.2             0.03       GAT        0.759      

epoch      loss       accuracy   edge_density    noise      model      elapsed    
2920       1.43290    0.23125    0.2             0.03       GAT        0.807      

epoch      loss       accuracy   edge_density    noise      model      elapsed    
2930       1.46240    0.22187    0.2             0.03       GAT        0.739      

epoch      loss       accuracy   edge_density    noise      model      elapsed    
2940       1.59641    0.08125    0.2             0.03       GAT        0.756      

epoch      loss       accuracy   edge_density    noise      model      elapsed    
2950       1.47633    0.20312    0.2             0.03       GAT        0.753      

epoch      loss       accuracy   edge_density    noise      model      elapsed    
2960       1.55327    0.14375    0.2             0.03       GAT        0.746      

epoch      loss       accuracy   edge_density    noise      model      elapsed    
2970       1.54556    0.12812    0.2             0.03       GAT        0.761      

epoch      loss       accuracy   edge_density    noise      model      elapsed    
2980       1.53035    0.15000    0.2             0.03       GAT        0.744      

epoch      loss       accuracy   edge_density    noise      model      elapsed    
2990       1.46668    0.20937    0.2             0.03       GAT        0.739      

epoch      loss       accuracy   edge_density    noise      model      elapsed    
3000       1.48861    0.21250    0.2             0.03       GAT        0.738      

epoch      loss       accuracy   edge_density    noise      model      elapsed    
3010       1.49353    0.19375    0.2             0.03       GAT        0.743      

epoch      loss       accuracy   edge_density    noise      model      elapsed    
3020       1.46258    0.21875    0.2             0.03       GAT        0.755      

epoch      loss       accuracy   edge_density    noise      model      elapsed    
3030       1.57265    0.08125    0.2             0.03       GAT        0.755      

epoch      loss       accuracy   edge_density    noise      model      elapsed    
3040       1.53154    0.12500    0.2             0.03       GAT        0.741      

epoch      loss       accuracy   edge_density    noise      model      elapsed    
3050       1.60950    0.08750    0.2             0.03       GAT        0.757      

epoch      loss       accuracy   edge_density    noise      model      elapsed    
3060       1.54779    0.12187    0.2             0.03       GAT        0.740      

epoch      loss       accuracy   edge_density    noise      model      elapsed    
3070       1.55335    0.15625    0.2             0.03       GAT        0.747      

epoch      loss       accuracy   edge_density    noise      model      elapsed    
3080       1.59077    0.12812    0.2             0.03       GAT        0.755      

epoch      loss       accuracy   edge_density    noise      model      elapsed    
3090       1.46075    0.23125    0.2             0.03       GAT        0.742      

epoch      loss       accuracy   edge_density    noise      model      elapsed    
3100       1.56045    0.14062    0.2             0.03       GAT        0.750      

epoch      loss       accuracy   edge_density    noise      model      elapsed    
3110       1.51304    0.18125    0.2             0.03       GAT        0.752      

epoch      loss       accuracy   edge_density    noise      model      elapsed    
3120       1.58847    0.10937    0.2             0.03       GAT        0.753      

epoch      loss       accuracy   edge_density    noise      model      elapsed    
3130       1.50596    0.15000    0.2             0.03       GAT        0.824      

epoch      loss       accuracy   edge_density    noise      model      elapsed    
3140       1.49057    0.19062    0.2             0.03       GAT        0.760      

epoch      loss       accuracy   edge_density    noise      model      elapsed    
3150       1.46780    0.19687    0.2             0.03       GAT        0.746      

epoch      loss       accuracy   edge_density    noise      model      elapsed    
3160       1.56663    0.10937    0.2             0.03       GAT        0.746      

epoch      loss       accuracy   edge_density    noise      model      elapsed    
3170       1.47818    0.19687    0.2             0.03       GAT        0.755      

epoch      loss       accuracy   edge_density    noise      model      elapsed    
3180       1.53067    0.15000    0.2             0.03       GAT        0.740      

epoch      loss       accuracy   edge_density    noise      model      elapsed    
3190       1.47734    0.19375    0.2             0.03       GAT        0.806      

Optimization Finished!
Total time elapsed: 2470.2848s
Loading 1210th epoch
iter       loss       acc        edge_density    noise      model      elapsed    
0          1.54752    0.11562    0.2             0.03       GAT30      0.289      

iter       loss       acc        edge_density    noise      model      elapsed    
1          1.52050    0.13750    0.2             0.03       GAT30      0.288      

iter       loss       acc        edge_density    noise      model      elapsed    
2          1.54936    0.12812    0.2             0.03       GAT30      0.292      

iter       loss       acc        edge_density    noise      model      elapsed    
3          1.53229    0.16875    0.2             0.03       GAT30      0.294      

iter       loss       acc        edge_density    noise      model      elapsed    
4          1.47949    0.22812    0.2             0.03       GAT30      0.286      

iter       loss       acc        edge_density    noise      model      elapsed    
5          1.54439    0.14062    0.2             0.03       GAT30      0.299      

iter       loss       acc        edge_density    noise      model      elapsed    
6          1.57514    0.11875    0.2             0.03       GAT30      0.307      

iter       loss       acc        edge_density    noise      model      elapsed    
7          1.52224    0.16875    0.2             0.03       GAT30      0.293      

iter       loss       acc        edge_density    noise      model      elapsed    
8          1.58150    0.09688    0.2             0.03       GAT30      0.297      

iter       loss       acc        edge_density    noise      model      elapsed    
9          1.51190    0.15625    0.2             0.03       GAT30      0.298      

iter       loss       acc        edge_density    noise      model      elapsed    
10         1.53891    0.13750    0.2             0.03       GAT30      0.298      

iter       loss       acc        edge_density    noise      model      elapsed    
11         1.43815    0.20937    0.2             0.03       GAT30      0.295      

iter       loss       acc        edge_density    noise      model      elapsed    
12         1.53973    0.11562    0.2             0.03       GAT30      0.299      

iter       loss       acc        edge_density    noise      model      elapsed    
13         1.57002    0.12187    0.2             0.03       GAT30      0.303      

iter       loss       acc        edge_density    noise      model      elapsed    
14         1.52956    0.15625    0.2             0.03       GAT30      0.352      

iter       loss       acc        edge_density    noise      model      elapsed    
15         1.56504    0.11875    0.2             0.03       GAT30      0.301      

iter       loss       acc        edge_density    noise      model      elapsed    
16         1.53146    0.15625    0.2             0.03       GAT30      0.296      

iter       loss       acc        edge_density    noise      model      elapsed    
17         1.49857    0.15937    0.2             0.03       GAT30      0.287      

iter       loss       acc        edge_density    noise      model      elapsed    
18         1.49749    0.19375    0.2             0.03       GAT30      0.298      

iter       loss       acc        edge_density    noise      model      elapsed    
19         1.46726    0.23125    0.2             0.03       GAT30      0.305      

iter       loss       acc        edge_density    noise      model      elapsed    
20         1.42817    0.24688    0.2             0.03       GAT30      0.301      

iter       loss       acc        edge_density    noise      model      elapsed    
21         1.45093    0.20312    0.2             0.03       GAT30      0.300      

iter       loss       acc        edge_density    noise      model      elapsed    
22         1.52768    0.13437    0.2             0.03       GAT30      0.297      

iter       loss       acc        edge_density    noise      model      elapsed    
23         1.40277    0.29687    0.2             0.03       GAT30      0.296      

iter       loss       acc        edge_density    noise      model      elapsed    
24         1.54065    0.15312    0.2             0.03       GAT30      0.295      

iter       loss       acc        edge_density    noise      model      elapsed    
25         1.52397    0.17813    0.2             0.03       GAT30      0.303      

iter       loss       acc        edge_density    noise      model      elapsed    
26         1.55687    0.11875    0.2             0.03       GAT30      0.288      

iter       loss       acc        edge_density    noise      model      elapsed    
27         1.47968    0.19687    0.2             0.03       GAT30      0.302      

iter       loss       acc        edge_density    noise      model      elapsed    
28         1.44252    0.20937    0.2             0.03       GAT30      0.300      

iter       loss       acc        edge_density    noise      model      elapsed    
29         1.54934    0.11250    0.2             0.03       GAT30      0.282      

iter       loss       acc        edge_density    noise      model      elapsed    
30         1.54633    0.14062    0.2             0.03       GAT30      0.303      

iter       loss       acc        edge_density    noise      model      elapsed    
31         1.48356    0.18437    0.2             0.03       GAT30      0.285      

iter       loss       acc        edge_density    noise      model      elapsed    
32         1.51097    0.15625    0.2             0.03       GAT30      0.288      

iter       loss       acc        edge_density    noise      model      elapsed    
33         1.54118    0.10937    0.2             0.03       GAT30      0.285      

iter       loss       acc        edge_density    noise      model      elapsed    
34         1.54082    0.14375    0.2             0.03       GAT30      0.300      

iter       loss       acc        edge_density    noise      model      elapsed    
35         1.46615    0.22500    0.2             0.03       GAT30      0.302      

iter       loss       acc        edge_density    noise      model      elapsed    
36         1.51794    0.17813    0.2             0.03       GAT30      0.296      

iter       loss       acc        edge_density    noise      model      elapsed    
37         1.52740    0.11875    0.2             0.03       GAT30      0.279      

iter       loss       acc        edge_density    noise      model      elapsed    
38         1.59193    0.08438    0.2             0.03       GAT30      0.306      

iter       loss       acc        edge_density    noise      model      elapsed    
39         1.59539    0.10000    0.2             0.03       GAT30      0.292      

iter       loss       acc        edge_density    noise      model      elapsed    
40         1.57431    0.11875    0.2             0.03       GAT30      0.305      

iter       loss       acc        edge_density    noise      model      elapsed    
41         1.54419    0.11562    0.2             0.03       GAT30      0.298      

iter       loss       acc        edge_density    noise      model      elapsed    
42         1.56556    0.14062    0.2             0.03       GAT30      0.295      

iter       loss       acc        edge_density    noise      model      elapsed    
43         1.57548    0.11562    0.2             0.03       GAT30      0.299      

iter       loss       acc        edge_density    noise      model      elapsed    
44         1.53502    0.17813    0.2             0.03       GAT30      0.283      

iter       loss       acc        edge_density    noise      model      elapsed    
45         1.51471    0.16562    0.2             0.03       GAT30      0.288      

iter       loss       acc        edge_density    noise      model      elapsed    
46         1.43045    0.26250    0.2             0.03       GAT30      0.303      

iter       loss       acc        edge_density    noise      model      elapsed    
47         1.46710    0.20312    0.2             0.03       GAT30      0.291      

iter       loss       acc        edge_density    noise      model      elapsed    
48         1.48588    0.20000    0.2             0.03       GAT30      0.374      

iter       loss       acc        edge_density    noise      model      elapsed    
49         1.52200    0.16562    0.2             0.03       GAT30      0.286      

iter       loss       acc        edge_density    noise      model      elapsed    
50         1.61143    0.10000    0.2             0.03       GAT30      0.291      

iter       loss       acc        edge_density    noise      model      elapsed    
51         1.55771    0.15000    0.2             0.03       GAT30      0.287      

iter       loss       acc        edge_density    noise      model      elapsed    
52         1.48292    0.19687    0.2             0.03       GAT30      0.305      

iter       loss       acc        edge_density    noise      model      elapsed    
53         1.40719    0.24688    0.2             0.03       GAT30      0.301      

iter       loss       acc        edge_density    noise      model      elapsed    
54         1.51059    0.17500    0.2             0.03       GAT30      0.291      

iter       loss       acc        edge_density    noise      model      elapsed    
55         1.59107    0.07812    0.2             0.03       GAT30      0.301      

iter       loss       acc        edge_density    noise      model      elapsed    
56         1.45082    0.21875    0.2             0.03       GAT30      0.298      

iter       loss       acc        edge_density    noise      model      elapsed    
57         1.57877    0.12187    0.2             0.03       GAT30      0.299      

iter       loss       acc        edge_density    noise      model      elapsed    
58         1.45692    0.21562    0.2             0.03       GAT30      0.294      

iter       loss       acc        edge_density    noise      model      elapsed    
59         1.47786    0.20312    0.2             0.03       GAT30      0.305      

iter       loss       acc        edge_density    noise      model      elapsed    
60         1.48824    0.16875    0.2             0.03       GAT30      0.288      

iter       loss       acc        edge_density    noise      model      elapsed    
61         1.55027    0.15312    0.2             0.03       GAT30      0.303      

iter       loss       acc        edge_density    noise      model      elapsed    
62         1.46038    0.24375    0.2             0.03       GAT30      0.283      

iter       loss       acc        edge_density    noise      model      elapsed    
63         1.52119    0.16875    0.2             0.03       GAT30      0.298      

iter       loss       acc        edge_density    noise      model      elapsed    
64         1.53665    0.14687    0.2             0.03       GAT30      0.296      

iter       loss       acc        edge_density    noise      model      elapsed    
65         1.53635    0.15312    0.2             0.03       GAT30      0.286      

iter       loss       acc        edge_density    noise      model      elapsed    
66         1.51547    0.17500    0.2             0.03       GAT30      0.298      

iter       loss       acc        edge_density    noise      model      elapsed    
67         1.43839    0.20000    0.2             0.03       GAT30      0.295      

iter       loss       acc        edge_density    noise      model      elapsed    
68         1.54488    0.17813    0.2             0.03       GAT30      0.295      

iter       loss       acc        edge_density    noise      model      elapsed    
69         1.55413    0.12187    0.2             0.03       GAT30      0.304      

iter       loss       acc        edge_density    noise      model      elapsed    
70         1.47463    0.21562    0.2             0.03       GAT30      0.353      

iter       loss       acc        edge_density    noise      model      elapsed    
71         1.58346    0.12500    0.2             0.03       GAT30      0.288      

iter       loss       acc        edge_density    noise      model      elapsed    
72         1.41617    0.23125    0.2             0.03       GAT30      0.289      

iter       loss       acc        edge_density    noise      model      elapsed    
73         1.56935    0.08750    0.2             0.03       GAT30      0.294      

iter       loss       acc        edge_density    noise      model      elapsed    
74         1.53213    0.12500    0.2             0.03       GAT30      0.300      

iter       loss       acc        edge_density    noise      model      elapsed    
75         1.51776    0.14062    0.2             0.03       GAT30      0.288      

iter       loss       acc        edge_density    noise      model      elapsed    
76         1.45425    0.18125    0.2             0.03       GAT30      0.299      

iter       loss       acc        edge_density    noise      model      elapsed    
77         1.45179    0.24063    0.2             0.03       GAT30      0.293      

iter       loss       acc        edge_density    noise      model      elapsed    
78         1.53800    0.15625    0.2             0.03       GAT30      0.305      

iter       loss       acc        edge_density    noise      model      elapsed    
79         1.54914    0.11562    0.2             0.03       GAT30      0.292      

iter       loss       acc        edge_density    noise      model      elapsed    
80         1.58071    0.08125    0.2             0.03       GAT30      0.287      

iter       loss       acc        edge_density    noise      model      elapsed    
81         1.51430    0.19375    0.2             0.03       GAT30      0.290      

iter       loss       acc        edge_density    noise      model      elapsed    
82         1.55472    0.13437    0.2             0.03       GAT30      0.286      

iter       loss       acc        edge_density    noise      model      elapsed    
83         1.47036    0.20312    0.2             0.03       GAT30      0.285      

iter       loss       acc        edge_density    noise      model      elapsed    
84         1.46068    0.22812    0.2             0.03       GAT30      0.285      

iter       loss       acc        edge_density    noise      model      elapsed    
85         1.44621    0.26250    0.2             0.03       GAT30      0.295      

iter       loss       acc        edge_density    noise      model      elapsed    
86         1.59652    0.10312    0.2             0.03       GAT30      0.280      

iter       loss       acc        edge_density    noise      model      elapsed    
87         1.54872    0.12187    0.2             0.03       GAT30      0.293      

iter       loss       acc        edge_density    noise      model      elapsed    
88         1.57190    0.12500    0.2             0.03       GAT30      0.290      

iter       loss       acc        edge_density    noise      model      elapsed    
89         1.41841    0.27500    0.2             0.03       GAT30      0.292      

iter       loss       acc        edge_density    noise      model      elapsed    
90         1.46621    0.19375    0.2             0.03       GAT30      0.288      

iter       loss       acc        edge_density    noise      model      elapsed    
91         1.60636    0.08750    0.2             0.03       GAT30      0.299      

iter       loss       acc        edge_density    noise      model      elapsed    
92         1.51757    0.18125    0.2             0.03       GAT30      0.286      

iter       loss       acc        edge_density    noise      model      elapsed    
93         1.51288    0.16250    0.2             0.03       GAT30      0.290      

iter       loss       acc        edge_density    noise      model      elapsed    
94         1.48937    0.20000    0.2             0.03       GAT30      0.285      

iter       loss       acc        edge_density    noise      model      elapsed    
95         1.48638    0.18750    0.2             0.03       GAT30      0.302      

iter       loss       acc        edge_density    noise      model      elapsed    
96         1.51846    0.17813    0.2             0.03       GAT30      0.292      

iter       loss       acc        edge_density    noise      model      elapsed    
97         1.50942    0.14375    0.2             0.03       GAT30      0.293      

iter       loss       acc        edge_density    noise      model      elapsed    
98         1.51999    0.13750    0.2             0.03       GAT30      0.291      

iter       loss       acc        edge_density    noise      model      elapsed    
99         1.49252    0.17813    0.2             0.03       GAT30      0.304      

Avg test loss 1.5161909675598144
Avg test acc 0.16428125
Std test acc 0.04732132307097404
bn2d
